<?xml version="1.0" encoding="UTF-8"?>
<!-- Generated by org.testng.reporters.JUnitReportReporter -->
<testsuite hostname="SomMi" failures="0" tests="1" name="cucumberOptions.TestRunner" time="0.042" errors="0" timestamp="2023-11-21T19:40:07 IST" skipped="0">
  <testcase classname="cucumberOptions.TestRunner" name="runScenario" time="0.042"/>
</testsuite> <!-- cucumberOptions.TestRunner -->
