<?xml version="1.0" encoding="UTF-8"?>
<!-- Generated by org.testng.reporters.JUnitReportReporter -->
<testsuite hostname="SomMi" failures="0" tests="10" name="cucumberOptions.TestRunner" time="0.200" errors="0" timestamp="2023-11-24T15:59:49 IST" skipped="0">
  <testcase classname="cucumberOptions.TestRunner" name="runScenario" time="0.028"/>
  <testcase classname="cucumberOptions.TestRunner" name="runScenario" time="0.011"/>
  <testcase classname="cucumberOptions.TestRunner" name="runScenario" time="0.011"/>
  <testcase classname="cucumberOptions.TestRunner" name="runScenario" time="0.008"/>
  <testcase classname="cucumberOptions.TestRunner" name="runScenario" time="0.080"/>
  <testcase classname="cucumberOptions.TestRunner" name="runScenario" time="0.015"/>
  <testcase classname="cucumberOptions.TestRunner" name="runScenario" time="0.021"/>
  <testcase classname="cucumberOptions.TestRunner" name="runScenario" time="0.010"/>
  <testcase classname="cucumberOptions.TestRunner" name="runScenario" time="0.006"/>
  <testcase classname="cucumberOptions.TestRunner" name="runScenario" time="0.010"/>
</testsuite> <!-- cucumberOptions.TestRunner -->
