<?xml version="1.0" encoding="UTF-8"?>
<!-- Generated by org.testng.reporters.JUnitReportReporter -->
<testsuite hostname="SomMi" failures="0" tests="10" name="cucumberOptions.TestRunner" time="0.179" errors="0" timestamp="2023-11-29T16:15:14 IST" skipped="0">
  <testcase classname="cucumberOptions.TestRunner" name="runScenario" time="0.073"/>
  <testcase classname="cucumberOptions.TestRunner" name="runScenario" time="0.007"/>
  <testcase classname="cucumberOptions.TestRunner" name="runScenario" time="0.007"/>
  <testcase classname="cucumberOptions.TestRunner" name="runScenario" time="0.012"/>
  <testcase classname="cucumberOptions.TestRunner" name="runScenario" time="0.033"/>
  <testcase classname="cucumberOptions.TestRunner" name="runScenario" time="0.011"/>
  <testcase classname="cucumberOptions.TestRunner" name="runScenario" time="0.011"/>
  <testcase classname="cucumberOptions.TestRunner" name="runScenario" time="0.005"/>
  <testcase classname="cucumberOptions.TestRunner" name="runScenario" time="0.006"/>
  <testcase classname="cucumberOptions.TestRunner" name="runScenario" time="0.014"/>
</testsuite> <!-- cucumberOptions.TestRunner -->
