<?xml version="1.0" encoding="UTF-8"?>
<!-- Generated by org.testng.reporters.JUnitReportReporter -->
<testsuite hostname="SomMi" failures="0" tests="5" name="cucumberOptions.TestRunner" time="0.073" errors="0" timestamp="2023-11-23T16:08:25 IST" skipped="0">
  <testcase classname="cucumberOptions.TestRunner" name="runScenario" time="0.005"/>
  <testcase classname="cucumberOptions.TestRunner" name="runScenario" time="0.052"/>
  <testcase classname="cucumberOptions.TestRunner" name="runScenario" time="0.003"/>
  <testcase classname="cucumberOptions.TestRunner" name="runScenario" time="0.010"/>
  <testcase classname="cucumberOptions.TestRunner" name="runScenario" time="0.003"/>
</testsuite> <!-- cucumberOptions.TestRunner -->
